<?xml version="1.0" encoding="UTF-8"?>
<testsuite xmlns:xsi="http://www.w3.org/2001/XMLSchema-instance" xsi:noNamespaceSchemaLocation="https://maven.apache.org/surefire/maven-surefire-plugin/xsd/surefire-test-report-3.0.xsd" version="3.0" name="com.sunilos.p4.model.SubjectModelTest" time="0.955" tests="11" errors="0" skipped="0" failures="0">
  <properties>
[...]
</properties>
  <testcase name="testFindByPK_notFound" classname="com.sunilos.p4.model.SubjectModelTest" time="0.893">
    <system-out><![CDATA[2026-06-05 13:30:32 DEBUG BaseModel:82 - Model findByPK Started
2026-06-05 13:30:32 DEBUG BaseModel:102 - Model findByPK End
]]></system-out>
  </testcase>
  <testcase name="testFindByName_notFound" classname="com.sunilos.p4.model.SubjectModelTest" time="0.003">
    <system-out><![CDATA[2026-06-05 13:30:32 DEBUG BaseModel:108 - Model findBy EmailId Started
2026-06-05 13:30:32 DEBUG BaseModel:130 - Model findBy EmailId End
]]></system-out>
  </testcase>
  <testcase name="testAdd_throwsDuplicateWhenNameExists" classname="com.sunilos.p4.model.SubjectModelTest" time="0.008">
    <system-out><![CDATA[2026-06-05 13:30:32 DEBUG BaseModel:108 - Model findBy EmailId Started
2026-06-05 13:30:32 DEBUG BaseModel:130 - Model findBy EmailId End
]]></system-out>
  </testcase>
  <testcase name="testFindByPK_found" classname="com.sunilos.p4.model.SubjectModelTest" time="0.006">
    <system-out><![CDATA[2026-06-05 13:30:32 DEBUG BaseModel:82 - Model findByPK Started
2026-06-05 13:30:32 DEBUG BaseModel:102 - Model findByPK End
]]></system-out>
  </testcase>
  <testcase name="testAdd_success" classname="com.sunilos.p4.model.SubjectModelTest" time="0.004">
    <system-out><![CDATA[2026-06-05 13:30:32 DEBUG BaseModel:108 - Model findBy EmailId Started
2026-06-05 13:30:32 DEBUG BaseModel:130 - Model findBy EmailId End
2026-06-05 13:30:32 DEBUG BaseModel:49 - Model nextPK Started
2026-06-05 13:30:32 DEBUG BaseModel:68 - Model nextPK End
]]></system-out>
  </testcase>
  <testcase name="testUpdate_throwsDuplicateWhenNameTakenByOther" classname="com.sunilos.p4.model.SubjectModelTest" time="0.003">
    <system-out><![CDATA[2026-06-05 13:30:32 DEBUG BaseModel:108 - Model findBy EmailId Started
2026-06-05 13:30:32 DEBUG BaseModel:130 - Model findBy EmailId End
]]></system-out>
  </testcase>
  <testcase name="testUpdate_success" classname="com.sunilos.p4.model.SubjectModelTest" time="0.006">
    <system-out><![CDATA[2026-06-05 13:30:32 DEBUG BaseModel:108 - Model findBy EmailId Started
2026-06-05 13:30:32 DEBUG BaseModel:130 - Model findBy EmailId End
]]></system-out>
  </testcase>
  <testcase name="testSearch_byName_returnsMatchingRecords" classname="com.sunilos.p4.model.SubjectModelTest" time="0.003">
    <system-out><![CDATA[2026-06-05 13:30:32 DEBUG BaseModel:241 - Model search Started
2026-06-05 13:30:32 DEBUG BaseModel:272 - Model search End
]]></system-out>
  </testcase>
  <testcase name="testDelete_success" classname="com.sunilos.p4.model.SubjectModelTest" time="0.002">
    <system-out><![CDATA[2026-06-05 13:30:32 DEBUG BaseModel:161 - Model delete Started
2026-06-05 13:30:32 DEBUG BaseModel:184 - Model delete Started
]]></system-out>
  </testcase>
  <testcase name="testList_returnsAllRecords" classname="com.sunilos.p4.model.SubjectModelTest" time="0.004">
    <system-out><![CDATA[2026-06-05 13:30:32 DEBUG BaseModel:297 - Model list Started
2026-06-05 13:30:32 DEBUG BaseModel:328 - Model list End
]]></system-out>
  </testcase>
  <testcase name="testFindByName_found" classname="com.sunilos.p4.model.SubjectModelTest" time="0.003">
    <system-out><![CDATA[2026-06-05 13:30:32 DEBUG BaseModel:108 - Model findBy EmailId Started
2026-06-05 13:30:32 DEBUG BaseModel:130 - Model findBy EmailId End
]]></system-out>
  </testcase>
</testsuite>